Analysis & Synthesis report for uart
Wed Jun 10 03:48:41 2026
Quartus Prime Version 18.1.0 Build 625 09/12/2018 SJ Lite Edition


---------------------
; Table of Contents ;
---------------------
  1. Legal Notice
  2. Analysis & Synthesis Summary
  3. Analysis & Synthesis Settings
  4. Parallel Compilation
  5. Analysis & Synthesis Messages



----------------
; Legal Notice ;
----------------
Copyright (C) 2018  Intel Corporation. All rights reserved.
Your use of Intel Corporation's design tools, logic functions 
and other software and tools, and its AMPP partner logic 
functions, and any output files from any of the foregoing 
(including device programming or simulation files), and any 
associated documentation or information are expressly subject 
to the terms and conditions of the Intel Program License 
Subscription Agreement, the Intel Quartus Prime License Agreement,
the Intel FPGA IP License Agreement, or other applicable license
agreement, including, without limitation, that your use is for
the sole purpose of programming logic devices manufactured by
Intel and sold by Intel or its authorized distributors.  Please
refer to the applicable agreement for further details.



+---------------------------------------------------------------------------+
; Analysis & Synthesis Summary                                              ;
+-----------------------------+---------------------------------------------+
; Analysis & Synthesis Status ; Failed - Wed Jun 10 03:48:41 2026           ;
; Quartus Prime Version       ; 18.1.0 Build 625 09/12/2018 SJ Lite Edition ;
; Revision Name               ; uart                                        ;
; Top-level Entity Name       ; top                                         ;
; Family                      ; Cyclone V                                   ;
; Logic utilization (in ALMs) ; N/A until Partition Merge                   ;
; Total registers             ; N/A until Partition Merge                   ;
; Total pins                  ; N/A until Partition Merge                   ;
; Total virtual pins          ; N/A until Partition Merge                   ;
; Total block memory bits     ; N/A until Partition Merge                   ;
; Total PLLs                  ; N/A until Partition Merge                   ;
; Total DLLs                  ; N/A until Partition Merge                   ;
+-----------------------------+---------------------------------------------+


+---------------------------------------------------------------------------------------------------------------------------+
; Analysis & Synthesis Settings                                                                                             ;
+---------------------------------------------------------------------------------+--------------------+--------------------+
; Option                                                                          ; Setting            ; Default Value      ;
+---------------------------------------------------------------------------------+--------------------+--------------------+
; Device                                                                          ; 5CGXFC7C7F23C8     ;                    ;
; Top-level entity name                                                           ; top                ; uart               ;
; Family name                                                                     ; Cyclone V          ; Cyclone V          ;
; Use smart compilation                                                           ; Off                ; Off                ;
; Enable parallel Assembler and Timing Analyzer during compilation                ; On                 ; On                 ;
; Enable compact report table                                                     ; Off                ; Off                ;
; Restructure Multiplexers                                                        ; Auto               ; Auto               ;
; MLAB Add Timing Constraints For Mixed-Port Feed-Through Mode Setting Don't Care ; Off                ; Off                ;
; Create Debugging Nodes for IP Cores                                             ; Off                ; Off                ;
; Preserve fewer node names                                                       ; On                 ; On                 ;
; Intel FPGA IP Evaluation Mode                                                   ; Enable             ; Enable             ;
; Verilog Version                                                                 ; Verilog_2001       ; Verilog_2001       ;
; VHDL Version                                                                    ; VHDL_1993          ; VHDL_1993          ;
; State Machine Processing                                                        ; Auto               ; Auto               ;
; Safe State Machine                                                              ; Off                ; Off                ;
; Extract Verilog State Machines                                                  ; On                 ; On                 ;
; Extract VHDL State Machines                                                     ; On                 ; On                 ;
; Ignore Verilog initial constructs                                               ; Off                ; Off                ;
; Iteration limit for constant Verilog loops                                      ; 5000               ; 5000               ;
; Iteration limit for non-constant Verilog loops                                  ; 250                ; 250                ;
; Add Pass-Through Logic to Inferred RAMs                                         ; On                 ; On                 ;
; Infer RAMs from Raw Logic                                                       ; On                 ; On                 ;
; Parallel Synthesis                                                              ; On                 ; On                 ;
; DSP Block Balancing                                                             ; Auto               ; Auto               ;
; NOT Gate Push-Back                                                              ; On                 ; On                 ;
; Power-Up Don't Care                                                             ; On                 ; On                 ;
; Remove Redundant Logic Cells                                                    ; Off                ; Off                ;
; Remove Duplicate Registers                                                      ; On                 ; On                 ;
; Ignore CARRY Buffers                                                            ; Off                ; Off                ;
; Ignore CASCADE Buffers                                                          ; Off                ; Off                ;
; Ignore GLOBAL Buffers                                                           ; Off                ; Off                ;
; Ignore ROW GLOBAL Buffers                                                       ; Off                ; Off                ;
; Ignore LCELL Buffers                                                            ; Off                ; Off                ;
; Ignore SOFT Buffers                                                             ; On                 ; On                 ;
; Limit AHDL Integers to 32 Bits                                                  ; Off                ; Off                ;
; Optimization Technique                                                          ; Balanced           ; Balanced           ;
; Carry Chain Length                                                              ; 70                 ; 70                 ;
; Auto Carry Chains                                                               ; On                 ; On                 ;
; Auto Open-Drain Pins                                                            ; On                 ; On                 ;
; Perform WYSIWYG Primitive Resynthesis                                           ; Off                ; Off                ;
; Auto ROM Replacement                                                            ; On                 ; On                 ;
; Auto RAM Replacement                                                            ; On                 ; On                 ;
; Auto DSP Block Replacement                                                      ; On                 ; On                 ;
; Auto Shift Register Replacement                                                 ; Auto               ; Auto               ;
; Allow Shift Register Merging across Hierarchies                                 ; Auto               ; Auto               ;
; Auto Clock Enable Replacement                                                   ; On                 ; On                 ;
; Strict RAM Replacement                                                          ; Off                ; Off                ;
; Allow Synchronous Control Signals                                               ; On                 ; On                 ;
; Force Use of Synchronous Clear Signals                                          ; Off                ; Off                ;
; Auto Resource Sharing                                                           ; Off                ; Off                ;
; Allow Any RAM Size For Recognition                                              ; Off                ; Off                ;
; Allow Any ROM Size For Recognition                                              ; Off                ; Off                ;
; Allow Any Shift Register Size For Recognition                                   ; Off                ; Off                ;
; Use LogicLock Constraints during Resource Balancing                             ; On                 ; On                 ;
; Ignore translate_off and synthesis_off directives                               ; Off                ; Off                ;
; Timing-Driven Synthesis                                                         ; On                 ; On                 ;
; Report Parameter Settings                                                       ; On                 ; On                 ;
; Report Source Assignments                                                       ; On                 ; On                 ;
; Report Connectivity Checks                                                      ; On                 ; On                 ;
; Ignore Maximum Fan-Out Assignments                                              ; Off                ; Off                ;
; Synchronization Register Chain Length                                           ; 3                  ; 3                  ;
; Power Optimization During Synthesis                                             ; Normal compilation ; Normal compilation ;
; HDL message level                                                               ; Level2             ; Level2             ;
; Suppress Register Optimization Related Messages                                 ; Off                ; Off                ;
; Number of Removed Registers Reported in Synthesis Report                        ; 5000               ; 5000               ;
; Number of Swept Nodes Reported in Synthesis Report                              ; 5000               ; 5000               ;
; Number of Inverted Registers Reported in Synthesis Report                       ; 100                ; 100                ;
; Clock MUX Protection                                                            ; On                 ; On                 ;
; Auto Gated Clock Conversion                                                     ; Off                ; Off                ;
; Block Design Naming                                                             ; Auto               ; Auto               ;
; SDC constraint protection                                                       ; Off                ; Off                ;
; Synthesis Effort                                                                ; Auto               ; Auto               ;
; Shift Register Replacement - Allow Asynchronous Clear Signal                    ; On                 ; On                 ;
; Pre-Mapping Resynthesis Optimization                                            ; Off                ; Off                ;
; Analysis & Synthesis Message Level                                              ; Medium             ; Medium             ;
; Disable Register Merging Across Hierarchies                                     ; Auto               ; Auto               ;
; Resource Aware Inference For Block RAM                                          ; On                 ; On                 ;
; Automatic Parallel Synthesis                                                    ; On                 ; On                 ;
; Partial Reconfiguration Bitstream ID                                            ; Off                ; Off                ;
+---------------------------------------------------------------------------------+--------------------+--------------------+


+------------------------------------------+
; Parallel Compilation                     ;
+----------------------------+-------------+
; Processors                 ; Number      ;
+----------------------------+-------------+
; Number detected on machine ; 8           ;
; Maximum allowed            ; 8           ;
;                            ;             ;
; Average used               ; 1.00        ;
; Maximum used               ; 1           ;
;                            ;             ;
; Usage by Processor         ; % Time Used ;
;     Processor 1            ; 100.0%      ;
+----------------------------+-------------+


+-------------------------------+
; Analysis & Synthesis Messages ;
+-------------------------------+
Info: *******************************************************************
Info: Running Quartus Prime Analysis & Synthesis
    Info: Version 18.1.0 Build 625 09/12/2018 SJ Lite Edition
    Info: Processing started: Wed Jun 10 03:48:32 2026
Info: Command: quartus_map --read_settings_files=on --write_settings_files=off uart -c uart
Warning (18236): Number of processors has not been specified which may cause overloading on shared machines.  Set the global assignment NUM_PARALLEL_PROCESSORS in your QSF to an appropriate value for best performance.
Info (20030): Parallel compilation is enabled and will use 8 of the 8 processors detected
Info (12021): Found 1 design units, including 1 entities, in source file top.bdf
    Info (12023): Found entity 1: top
Info (12021): Found 1 design units, including 1 entities, in source file rx.bdf
    Info (12023): Found entity 1: rx
Info (12021): Found 1 design units, including 1 entities, in source file baud_gen_.bdf
    Info (12023): Found entity 1: baud_gen_
Info (12021): Found 1 design units, including 1 entities, in source file tx.bdf
    Info (12023): Found entity 1: tx
Info (12127): Elaborating entity "top" for the top level hierarchy
Info (12128): Elaborating entity "tx" for hierarchy "tx:inst2"
Warning (275008): Primitive "AND2" of instance "inst4" not used
Warning (12125): Using design file lpm_mux_4to1.v, which is not specified as a design file for the current project, but contains definitions for 1 design units and 1 entities in project
    Info (12023): Found entity 1: lpm_mux_4to1 File: C:/github/digitalsystem_teamproject/DC-uart-project-lastest/lpm_mux_4to1.v Line: 39
Info (12128): Elaborating entity "lpm_mux_4to1" for hierarchy "tx:inst2|lpm_mux_4to1:inst43"
Info (12128): Elaborating entity "lpm_mux" for hierarchy "tx:inst2|lpm_mux_4to1:inst43|lpm_mux:LPM_MUX_component" File: C:/github/digitalsystem_teamproject/DC-uart-project-lastest/lpm_mux_4to1.v Line: 73
Info (12130): Elaborated megafunction instantiation "tx:inst2|lpm_mux_4to1:inst43|lpm_mux:LPM_MUX_component" File: C:/github/digitalsystem_teamproject/DC-uart-project-lastest/lpm_mux_4to1.v Line: 73
Info (12133): Instantiated megafunction "tx:inst2|lpm_mux_4to1:inst43|lpm_mux:LPM_MUX_component" with the following parameter: File: C:/github/digitalsystem_teamproject/DC-uart-project-lastest/lpm_mux_4to1.v Line: 73
    Info (12134): Parameter "lpm_size" = "4"
    Info (12134): Parameter "lpm_type" = "LPM_MUX"
    Info (12134): Parameter "lpm_width" = "1"
    Info (12134): Parameter "lpm_widths" = "2"
Info (12021): Found 1 design units, including 1 entities, in source file db/mux_sjc.tdf
    Info (12023): Found entity 1: mux_sjc File: C:/github/digitalsystem_teamproject/DC-uart-project-lastest/db/mux_sjc.tdf Line: 22
Info (12128): Elaborating entity "mux_sjc" for hierarchy "tx:inst2|lpm_mux_4to1:inst43|lpm_mux:LPM_MUX_component|mux_sjc:auto_generated" File: c:/intelfpga_lite/18.1/quartus/libraries/megafunctions/lpm_mux.tdf Line: 86
Warning (12125): Using design file lpm_mux_8.v, which is not specified as a design file for the current project, but contains definitions for 1 design units and 1 entities in project
    Info (12023): Found entity 1: lpm_mux_8 File: C:/github/digitalsystem_teamproject/DC-uart-project-lastest/lpm_mux_8.v Line: 39
Info (12128): Elaborating entity "lpm_mux_8" for hierarchy "tx:inst2|lpm_mux_8:inst41"
Info (12128): Elaborating entity "lpm_mux" for hierarchy "tx:inst2|lpm_mux_8:inst41|lpm_mux:LPM_MUX_component" File: C:/github/digitalsystem_teamproject/DC-uart-project-lastest/lpm_mux_8.v Line: 85
Info (12130): Elaborated megafunction instantiation "tx:inst2|lpm_mux_8:inst41|lpm_mux:LPM_MUX_component" File: C:/github/digitalsystem_teamproject/DC-uart-project-lastest/lpm_mux_8.v Line: 85
Info (12133): Instantiated megafunction "tx:inst2|lpm_mux_8:inst41|lpm_mux:LPM_MUX_component" with the following parameter: File: C:/github/digitalsystem_teamproject/DC-uart-project-lastest/lpm_mux_8.v Line: 85
    Info (12134): Parameter "lpm_size" = "8"
    Info (12134): Parameter "lpm_type" = "LPM_MUX"
    Info (12134): Parameter "lpm_width" = "1"
    Info (12134): Parameter "lpm_widths" = "3"
Info (12021): Found 1 design units, including 1 entities, in source file db/mux_1kc.tdf
    Info (12023): Found entity 1: mux_1kc File: C:/github/digitalsystem_teamproject/DC-uart-project-lastest/db/mux_1kc.tdf Line: 22
Info (12128): Elaborating entity "mux_1kc" for hierarchy "tx:inst2|lpm_mux_8:inst41|lpm_mux:LPM_MUX_component|mux_1kc:auto_generated" File: c:/intelfpga_lite/18.1/quartus/libraries/megafunctions/lpm_mux.tdf Line: 86
Warning (12125): Using design file tx_fsm.v, which is not specified as a design file for the current project, but contains definitions for 1 design units and 1 entities in project
    Info (12023): Found entity 1: tx_fsm File: C:/github/digitalsystem_teamproject/DC-uart-project-lastest/tx_fsm.v Line: 22
Info (12128): Elaborating entity "tx_fsm" for hierarchy "tx:inst2|tx_fsm:inst"
Info (12128): Elaborating entity "baud_gen_" for hierarchy "baud_gen_:inst"
Warning (12125): Using design file lpm_counter_13.v, which is not specified as a design file for the current project, but contains definitions for 1 design units and 1 entities in project
    Info (12023): Found entity 1: lpm_counter_13 File: C:/github/digitalsystem_teamproject/DC-uart-project-lastest/lpm_counter_13.v Line: 39
Info (12128): Elaborating entity "lpm_counter_13" for hierarchy "baud_gen_:inst|lpm_counter_13:lpm_counter_13"
Info (12128): Elaborating entity "lpm_counter" for hierarchy "baud_gen_:inst|lpm_counter_13:lpm_counter_13|lpm_counter:LPM_COUNTER_component" File: C:/github/digitalsystem_teamproject/DC-uart-project-lastest/lpm_counter_13.v Line: 68
Info (12130): Elaborated megafunction instantiation "baud_gen_:inst|lpm_counter_13:lpm_counter_13|lpm_counter:LPM_COUNTER_component" File: C:/github/digitalsystem_teamproject/DC-uart-project-lastest/lpm_counter_13.v Line: 68
Info (12133): Instantiated megafunction "baud_gen_:inst|lpm_counter_13:lpm_counter_13|lpm_counter:LPM_COUNTER_component" with the following parameter: File: C:/github/digitalsystem_teamproject/DC-uart-project-lastest/lpm_counter_13.v Line: 68
    Info (12134): Parameter "lpm_direction" = "UP"
    Info (12134): Parameter "lpm_port_updown" = "PORT_UNUSED"
    Info (12134): Parameter "lpm_type" = "LPM_COUNTER"
    Info (12134): Parameter "lpm_width" = "13"
Info (12021): Found 1 design units, including 1 entities, in source file db/cntr_2gi.tdf
    Info (12023): Found entity 1: cntr_2gi File: C:/github/digitalsystem_teamproject/DC-uart-project-lastest/db/cntr_2gi.tdf Line: 25
Info (12128): Elaborating entity "cntr_2gi" for hierarchy "baud_gen_:inst|lpm_counter_13:lpm_counter_13|lpm_counter:LPM_COUNTER_component|cntr_2gi:auto_generated" File: c:/intelfpga_lite/18.1/quartus/libraries/megafunctions/lpm_counter.tdf Line: 258
Info (12128): Elaborating entity "rx" for hierarchy "rx:inst5"
Warning (275011): Block or symbol "rx_fsm" of instance "inst" overlaps another block or symbol
Warning (275011): Block or symbol "NOT" of instance "asff" overlaps another block or symbol
Warning (275011): Block or symbol "XOR" of instance "ter" overlaps another block or symbol
Warning (275011): Block or symbol "XOR" of instance "afa" overlaps another block or symbol
Warning (275011): Block or symbol "XOR" of instance "wqv" overlaps another block or symbol
Warning (275089): Not all bits in bus "data_out[6..0]" are used
Warning (275080): Converted elements in bus name "data_out" using legacy naming rules. Make any assignments on the new names, not on the original names.
    Warning (275081): Converted element name(s) from "data_out[2]" to "data_out2"
    Warning (275081): Converted element name(s) from "data_out[3]" to "data_out3"
    Warning (275081): Converted element name(s) from "data_out[1]" to "data_out1"
    Warning (275081): Converted element name(s) from "data_out[6]" to "data_out6"
    Warning (275081): Converted element name(s) from "data_out[0]" to "data_out0"
    Warning (275081): Converted element name(s) from "data_out[4]" to "data_out4"
Error (275036): Node line contains "data_out2" and "data_out1", but may be named only once
Error (12152): Can't elaborate user hierarchy "rx:inst5"
Error: Quartus Prime Analysis & Synthesis was unsuccessful. 2 errors, 19 warnings
    Error: Peak virtual memory: 4802 megabytes
    Error: Processing ended: Wed Jun 10 03:48:41 2026
    Error: Elapsed time: 00:00:09
    Error: Total CPU time (on all processors): 00:00:14


