Analysis & Synthesis report for uart
Sun May 31 22:30:07 2026
Quartus Prime Version 18.1.0 Build 625 09/12/2018 SJ Lite Edition


---------------------
; Table of Contents ;
---------------------
  1. Legal Notice
  2. Analysis & Synthesis Summary
  3. Analysis & Synthesis Settings
  4. Parallel Compilation
  5. Analysis & Synthesis Source Files Read
  6. Analysis & Synthesis Resource Usage Summary
  7. Analysis & Synthesis Resource Utilization by Entity
  8. Analysis & Synthesis IP Cores Summary
  9. State Machine - |top|rx:inst1|rx_fsm:inst|fstate
 10. State Machine - |top|tx:inst8|tx_fsm:inst|fstate
 11. Registers Removed During Synthesis
 12. General Register Statistics
 13. Parameter Settings for User Entity Instance: tx:inst8|lpm_mux_4to1:inst43|lpm_mux:LPM_MUX_component
 14. Parameter Settings for User Entity Instance: tx:inst8|lpm_mux_8:inst41|lpm_mux:LPM_MUX_component
 15. Parameter Settings for User Entity Instance: tx:inst8|tx_fsm:inst
 16. Parameter Settings for User Entity Instance: tx:inst8|lpm_counter_3:inst1|lpm_counter:LPM_COUNTER_component
 17. Parameter Settings for User Entity Instance: baud_gen_:inst|lpm_counter_13:lpm_counter_13|lpm_counter:LPM_COUNTER_component
 18. Parameter Settings for User Entity Instance: rx:inst1|lpm_decode_3:inst28|lpm_decode:LPM_DECODE_component
 19. Parameter Settings for User Entity Instance: rx:inst1|lpm_counter_3:inst26|lpm_counter:LPM_COUNTER_component
 20. Parameter Settings for User Entity Instance: rx:inst1|rx_fsm:inst
 21. Analysis & Synthesis Messages



----------------
; Legal Notice ;
----------------
Copyright (C) 2018  Intel Corporation. All rights reserved.
Your use of Intel Corporation's design tools, logic functions 
and other software and tools, and its AMPP partner logic 
functions, and any output files from any of the foregoing 
(including device programming or simulation files), and any 
associated documentation or information are expressly subject 
to the terms and conditions of the Intel Program License 
Subscription Agreement, the Intel Quartus Prime License Agreement,
the Intel FPGA IP License Agreement, or other applicable license
agreement, including, without limitation, that your use is for
the sole purpose of programming logic devices manufactured by
Intel and sold by Intel or its authorized distributors.  Please
refer to the applicable agreement for further details.



+---------------------------------------------------------------------------+
; Analysis & Synthesis Summary                                              ;
+-----------------------------+---------------------------------------------+
; Analysis & Synthesis Status ; Successful - Sun May 31 22:30:07 2026       ;
; Quartus Prime Version       ; 18.1.0 Build 625 09/12/2018 SJ Lite Edition ;
; Revision Name               ; uart                                        ;
; Top-level Entity Name       ; top                                         ;
; Family                      ; MAX II                                      ;
; Total logic elements        ; 72                                          ;
; Total pins                  ; 20                                          ;
; Total virtual pins          ; 0                                           ;
; UFM blocks                  ; 0 / 1 ( 0 % )                               ;
+-----------------------------+---------------------------------------------+


+------------------------------------------------------------------------------------------------------------+
; Analysis & Synthesis Settings                                                                              ;
+------------------------------------------------------------------+--------------------+--------------------+
; Option                                                           ; Setting            ; Default Value      ;
+------------------------------------------------------------------+--------------------+--------------------+
; Top-level entity name                                            ; top                ; uart               ;
; Family name                                                      ; MAX II             ; Cyclone V          ;
; Use smart compilation                                            ; Off                ; Off                ;
; Enable parallel Assembler and Timing Analyzer during compilation ; On                 ; On                 ;
; Enable compact report table                                      ; Off                ; Off                ;
; Restructure Multiplexers                                         ; Auto               ; Auto               ;
; Create Debugging Nodes for IP Cores                              ; Off                ; Off                ;
; Preserve fewer node names                                        ; On                 ; On                 ;
; Intel FPGA IP Evaluation Mode                                    ; Enable             ; Enable             ;
; Verilog Version                                                  ; Verilog_2001       ; Verilog_2001       ;
; VHDL Version                                                     ; VHDL_1993          ; VHDL_1993          ;
; State Machine Processing                                         ; Auto               ; Auto               ;
; Safe State Machine                                               ; Off                ; Off                ;
; Extract Verilog State Machines                                   ; On                 ; On                 ;
; Extract VHDL State Machines                                      ; On                 ; On                 ;
; Ignore Verilog initial constructs                                ; Off                ; Off                ;
; Iteration limit for constant Verilog loops                       ; 5000               ; 5000               ;
; Iteration limit for non-constant Verilog loops                   ; 250                ; 250                ;
; Add Pass-Through Logic to Inferred RAMs                          ; On                 ; On                 ;
; Infer RAMs from Raw Logic                                        ; On                 ; On                 ;
; Parallel Synthesis                                               ; On                 ; On                 ;
; NOT Gate Push-Back                                               ; On                 ; On                 ;
; Power-Up Don't Care                                              ; On                 ; On                 ;
; Remove Redundant Logic Cells                                     ; Off                ; Off                ;
; Remove Duplicate Registers                                       ; On                 ; On                 ;
; Ignore CARRY Buffers                                             ; Off                ; Off                ;
; Ignore CASCADE Buffers                                           ; Off                ; Off                ;
; Ignore GLOBAL Buffers                                            ; Off                ; Off                ;
; Ignore ROW GLOBAL Buffers                                        ; Off                ; Off                ;
; Ignore LCELL Buffers                                             ; Off                ; Off                ;
; Ignore SOFT Buffers                                              ; On                 ; On                 ;
; Limit AHDL Integers to 32 Bits                                   ; Off                ; Off                ;
; Optimization Technique                                           ; Balanced           ; Balanced           ;
; Carry Chain Length                                               ; 70                 ; 70                 ;
; Auto Carry Chains                                                ; On                 ; On                 ;
; Auto Open-Drain Pins                                             ; On                 ; On                 ;
; Perform WYSIWYG Primitive Resynthesis                            ; Off                ; Off                ;
; Auto Shift Register Replacement                                  ; Auto               ; Auto               ;
; Allow Shift Register Merging across Hierarchies                  ; Auto               ; Auto               ;
; Auto Clock Enable Replacement                                    ; On                 ; On                 ;
; Allow Synchronous Control Signals                                ; On                 ; On                 ;
; Force Use of Synchronous Clear Signals                           ; Off                ; Off                ;
; Auto Resource Sharing                                            ; Off                ; Off                ;
; Use LogicLock Constraints during Resource Balancing              ; On                 ; On                 ;
; Ignore translate_off and synthesis_off directives                ; Off                ; Off                ;
; Report Parameter Settings                                        ; On                 ; On                 ;
; Report Source Assignments                                        ; On                 ; On                 ;
; Report Connectivity Checks                                       ; On                 ; On                 ;
; Ignore Maximum Fan-Out Assignments                               ; Off                ; Off                ;
; Synchronization Register Chain Length                            ; 2                  ; 2                  ;
; Power Optimization During Synthesis                              ; Normal compilation ; Normal compilation ;
; HDL message level                                                ; Level2             ; Level2             ;
; Suppress Register Optimization Related Messages                  ; Off                ; Off                ;
; Number of Removed Registers Reported in Synthesis Report         ; 5000               ; 5000               ;
; Number of Swept Nodes Reported in Synthesis Report               ; 5000               ; 5000               ;
; Number of Inverted Registers Reported in Synthesis Report        ; 100                ; 100                ;
; Clock MUX Protection                                             ; On                 ; On                 ;
; Block Design Naming                                              ; Auto               ; Auto               ;
; Synthesis Effort                                                 ; Auto               ; Auto               ;
; Shift Register Replacement - Allow Asynchronous Clear Signal     ; On                 ; On                 ;
; Analysis & Synthesis Message Level                               ; Medium             ; Medium             ;
; Disable Register Merging Across Hierarchies                      ; Auto               ; Auto               ;
+------------------------------------------------------------------+--------------------+--------------------+


+------------------------------------------+
; Parallel Compilation                     ;
+----------------------------+-------------+
; Processors                 ; Number      ;
+----------------------------+-------------+
; Number detected on machine ; 12          ;
; Maximum allowed            ; 6           ;
;                            ;             ;
; Average used               ; 1.00        ;
; Maximum used               ; 1           ;
;                            ;             ;
; Usage by Processor         ; % Time Used ;
;     Processor 1            ; 100.0%      ;
+----------------------------+-------------+


+-------------------------------------------------------------------------------------------------------------------------------------------------------------------------------+
; Analysis & Synthesis Source Files Read                                                                                                                                        ;
+----------------------------------+-----------------+------------------------------------+---------------------------------------------------------------------------+---------+
; File Name with User-Entered Path ; Used in Netlist ; File Type                          ; File Name with Absolute Path                                              ; Library ;
+----------------------------------+-----------------+------------------------------------+---------------------------------------------------------------------------+---------+
; tx_fsm.v                         ; yes             ; User Verilog HDL File              ; D:/Projects/dc-UART/tx_fsm.v                                              ;         ;
; lpm_counter_13.v                 ; yes             ; User Wizard-Generated File         ; D:/Projects/dc-UART/lpm_counter_13.v                                      ;         ;
; lpm_counter_3.v                  ; yes             ; User Wizard-Generated File         ; D:/Projects/dc-UART/lpm_counter_3.v                                       ;         ;
; lpm_decode_3.v                   ; yes             ; User Wizard-Generated File         ; D:/Projects/dc-UART/lpm_decode_3.v                                        ;         ;
; rx_fsm.v                         ; yes             ; User Verilog HDL File              ; D:/Projects/dc-UART/rx_fsm.v                                              ;         ;
; lpm_mux_8.v                      ; yes             ; User Wizard-Generated File         ; D:/Projects/dc-UART/lpm_mux_8.v                                           ;         ;
; lpm_mux_4to1.v                   ; yes             ; User Wizard-Generated File         ; D:/Projects/dc-UART/lpm_mux_4to1.v                                        ;         ;
; rx.bdf                           ; yes             ; User Block Diagram/Schematic File  ; D:/Projects/dc-UART/rx.bdf                                                ;         ;
; tx.bdf                           ; yes             ; User Block Diagram/Schematic File  ; D:/Projects/dc-UART/tx.bdf                                                ;         ;
; baud_gen_.bdf                    ; yes             ; User Block Diagram/Schematic File  ; D:/Projects/dc-UART/baud_gen_.bdf                                         ;         ;
; top.bdf                          ; yes             ; User Block Diagram/Schematic File  ; D:/Projects/dc-UART/top.bdf                                               ;         ;
; lpm_mux.tdf                      ; yes             ; Megafunction                       ; d:/download_files/quartus/libraries/megafunctions/lpm_mux.tdf             ;         ;
; aglobal181.inc                   ; yes             ; Megafunction                       ; d:/download_files/quartus/libraries/megafunctions/aglobal181.inc          ;         ;
; muxlut.inc                       ; yes             ; Megafunction                       ; d:/download_files/quartus/libraries/megafunctions/muxlut.inc              ;         ;
; bypassff.inc                     ; yes             ; Megafunction                       ; d:/download_files/quartus/libraries/megafunctions/bypassff.inc            ;         ;
; altshift.inc                     ; yes             ; Megafunction                       ; d:/download_files/quartus/libraries/megafunctions/altshift.inc            ;         ;
; db/mux_h9c.tdf                   ; yes             ; Auto-Generated Megafunction        ; D:/Projects/dc-UART/db/mux_h9c.tdf                                        ;         ;
; db/mux_m9c.tdf                   ; yes             ; Auto-Generated Megafunction        ; D:/Projects/dc-UART/db/mux_m9c.tdf                                        ;         ;
; lpm_counter.tdf                  ; yes             ; Megafunction                       ; d:/download_files/quartus/libraries/megafunctions/lpm_counter.tdf         ;         ;
; lpm_constant.inc                 ; yes             ; Megafunction                       ; d:/download_files/quartus/libraries/megafunctions/lpm_constant.inc        ;         ;
; lpm_decode.inc                   ; yes             ; Megafunction                       ; d:/download_files/quartus/libraries/megafunctions/lpm_decode.inc          ;         ;
; lpm_add_sub.inc                  ; yes             ; Megafunction                       ; d:/download_files/quartus/libraries/megafunctions/lpm_add_sub.inc         ;         ;
; cmpconst.inc                     ; yes             ; Megafunction                       ; d:/download_files/quartus/libraries/megafunctions/cmpconst.inc            ;         ;
; lpm_compare.inc                  ; yes             ; Megafunction                       ; d:/download_files/quartus/libraries/megafunctions/lpm_compare.inc         ;         ;
; lpm_counter.inc                  ; yes             ; Megafunction                       ; d:/download_files/quartus/libraries/megafunctions/lpm_counter.inc         ;         ;
; dffeea.inc                       ; yes             ; Megafunction                       ; d:/download_files/quartus/libraries/megafunctions/dffeea.inc              ;         ;
; alt_counter_stratix.inc          ; yes             ; Megafunction                       ; d:/download_files/quartus/libraries/megafunctions/alt_counter_stratix.inc ;         ;
; db/cntr_toi.tdf                  ; yes             ; Auto-Generated Megafunction        ; D:/Projects/dc-UART/db/cntr_toi.tdf                                       ;         ;
; db/cntr_n5i.tdf                  ; yes             ; Auto-Generated Megafunction        ; D:/Projects/dc-UART/db/cntr_n5i.tdf                                       ;         ;
; lpm_decode.tdf                   ; yes             ; Megafunction                       ; d:/download_files/quartus/libraries/megafunctions/lpm_decode.tdf          ;         ;
; declut.inc                       ; yes             ; Megafunction                       ; d:/download_files/quartus/libraries/megafunctions/declut.inc              ;         ;
; db/decode_lpe.tdf                ; yes             ; Auto-Generated Megafunction        ; D:/Projects/dc-UART/db/decode_lpe.tdf                                     ;         ;
+----------------------------------+-----------------+------------------------------------+---------------------------------------------------------------------------+---------+


+-----------------------------------------------------+
; Analysis & Synthesis Resource Usage Summary         ;
+---------------------------------------------+-------+
; Resource                                    ; Usage ;
+---------------------------------------------+-------+
; Total logic elements                        ; 72    ;
;     -- Combinational with no register       ; 28    ;
;     -- Register only                        ; 17    ;
;     -- Combinational with a register        ; 27    ;
;                                             ;       ;
; Logic element usage by number of LUT inputs ;       ;
;     -- 4 input functions                    ; 26    ;
;     -- 3 input functions                    ; 9     ;
;     -- 2 input functions                    ; 19    ;
;     -- 1 input functions                    ; 1     ;
;     -- 0 input functions                    ; 0     ;
;                                             ;       ;
; Logic elements by mode                      ;       ;
;     -- normal mode                          ; 56    ;
;     -- arithmetic mode                      ; 16    ;
;     -- qfbk mode                            ; 0     ;
;     -- register cascade mode                ; 0     ;
;     -- synchronous clear/load mode          ; 25    ;
;     -- asynchronous clear/load mode         ; 20    ;
;                                             ;       ;
; Total registers                             ; 44    ;
; Total logic cells in carry chains           ; 19    ;
; I/O pins                                    ; 20    ;
; Maximum fan-out node                        ; reset ;
; Maximum fan-out                             ; 35    ;
; Total fan-out                               ; 286   ;
; Average fan-out                             ; 3.11  ;
+---------------------------------------------+-------+


+-------------------------------------------------------------------------------------------------------------------------------------------------------------------------------------------------------------------------------------------------------------------------------------------------------------------------------------------------+
; Analysis & Synthesis Resource Utilization by Entity                                                                                                                                                                                                                                                                                             ;
+----------------------------------------------+-------------+--------------+------------+------+--------------+--------------+-------------------+------------------+-----------------+------------+-------------------------------------------------------------------------------------------------------------+----------------+--------------+
; Compilation Hierarchy Node                   ; Logic Cells ; LC Registers ; UFM Blocks ; Pins ; Virtual Pins ; LUT-Only LCs ; Register-Only LCs ; LUT/Register LCs ; Carry Chain LCs ; Packed LCs ; Full Hierarchy Name                                                                                         ; Entity Name    ; Library Name ;
+----------------------------------------------+-------------+--------------+------------+------+--------------+--------------+-------------------+------------------+-----------------+------------+-------------------------------------------------------------------------------------------------------------+----------------+--------------+
; |top                                         ; 72 (0)      ; 44           ; 0          ; 20   ; 0            ; 28 (0)       ; 17 (0)            ; 27 (0)           ; 19 (0)          ; 0 (0)      ; |top                                                                                                        ; top            ; work         ;
;    |baud_gen_:inst|                          ; 18 (5)      ; 14           ; 0          ; 0    ; 0            ; 4 (4)        ; 1 (1)             ; 13 (0)           ; 13 (0)          ; 0 (0)      ; |top|baud_gen_:inst                                                                                         ; baud_gen_      ; work         ;
;       |lpm_counter_13:lpm_counter_13|        ; 13 (0)      ; 13           ; 0          ; 0    ; 0            ; 0 (0)        ; 0 (0)             ; 13 (0)           ; 13 (0)          ; 0 (0)      ; |top|baud_gen_:inst|lpm_counter_13:lpm_counter_13                                                           ; lpm_counter_13 ; work         ;
;          |lpm_counter:LPM_COUNTER_component| ; 13 (0)      ; 13           ; 0          ; 0    ; 0            ; 0 (0)        ; 0 (0)             ; 13 (0)           ; 13 (0)          ; 0 (0)      ; |top|baud_gen_:inst|lpm_counter_13:lpm_counter_13|lpm_counter:LPM_COUNTER_component                         ; lpm_counter    ; work         ;
;             |cntr_n5i:auto_generated|        ; 13 (13)     ; 13           ; 0          ; 0    ; 0            ; 0 (0)        ; 0 (0)             ; 13 (13)          ; 13 (13)         ; 0 (0)      ; |top|baud_gen_:inst|lpm_counter_13:lpm_counter_13|lpm_counter:LPM_COUNTER_component|cntr_n5i:auto_generated ; cntr_n5i       ; work         ;
;    |rx:inst1|                                ; 27 (17)     ; 15           ; 0          ; 0    ; 0            ; 12 (9)       ; 8 (8)             ; 7 (0)            ; 3 (0)           ; 0 (0)      ; |top|rx:inst1                                                                                               ; rx             ; work         ;
;       |lpm_counter_3:inst26|                 ; 3 (0)       ; 3            ; 0          ; 0    ; 0            ; 0 (0)        ; 0 (0)             ; 3 (0)            ; 3 (0)           ; 0 (0)      ; |top|rx:inst1|lpm_counter_3:inst26                                                                          ; lpm_counter_3  ; work         ;
;          |lpm_counter:LPM_COUNTER_component| ; 3 (0)       ; 3            ; 0          ; 0    ; 0            ; 0 (0)        ; 0 (0)             ; 3 (0)            ; 3 (0)           ; 0 (0)      ; |top|rx:inst1|lpm_counter_3:inst26|lpm_counter:LPM_COUNTER_component                                        ; lpm_counter    ; work         ;
;             |cntr_toi:auto_generated|        ; 3 (3)       ; 3            ; 0          ; 0    ; 0            ; 0 (0)        ; 0 (0)             ; 3 (3)            ; 3 (3)           ; 0 (0)      ; |top|rx:inst1|lpm_counter_3:inst26|lpm_counter:LPM_COUNTER_component|cntr_toi:auto_generated                ; cntr_toi       ; work         ;
;       |rx_fsm:inst|                          ; 7 (7)       ; 4            ; 0          ; 0    ; 0            ; 3 (3)        ; 0 (0)             ; 4 (4)            ; 0 (0)           ; 0 (0)      ; |top|rx:inst1|rx_fsm:inst                                                                                   ; rx_fsm         ; work         ;
;    |tx:inst8|                                ; 27 (10)     ; 15           ; 0          ; 0    ; 0            ; 12 (2)       ; 8 (8)             ; 7 (0)            ; 3 (0)           ; 0 (0)      ; |top|tx:inst8                                                                                               ; tx             ; work         ;
;       |lpm_counter_3:inst1|                  ; 3 (0)       ; 3            ; 0          ; 0    ; 0            ; 0 (0)        ; 0 (0)             ; 3 (0)            ; 3 (0)           ; 0 (0)      ; |top|tx:inst8|lpm_counter_3:inst1                                                                           ; lpm_counter_3  ; work         ;
;          |lpm_counter:LPM_COUNTER_component| ; 3 (0)       ; 3            ; 0          ; 0    ; 0            ; 0 (0)        ; 0 (0)             ; 3 (0)            ; 3 (0)           ; 0 (0)      ; |top|tx:inst8|lpm_counter_3:inst1|lpm_counter:LPM_COUNTER_component                                         ; lpm_counter    ; work         ;
;             |cntr_toi:auto_generated|        ; 3 (3)       ; 3            ; 0          ; 0    ; 0            ; 0 (0)        ; 0 (0)             ; 3 (3)            ; 3 (3)           ; 0 (0)      ; |top|tx:inst8|lpm_counter_3:inst1|lpm_counter:LPM_COUNTER_component|cntr_toi:auto_generated                 ; cntr_toi       ; work         ;
;       |lpm_mux_4to1:inst43|                  ; 2 (0)       ; 0            ; 0          ; 0    ; 0            ; 2 (0)        ; 0 (0)             ; 0 (0)            ; 0 (0)           ; 0 (0)      ; |top|tx:inst8|lpm_mux_4to1:inst43                                                                           ; lpm_mux_4to1   ; work         ;
;          |lpm_mux:LPM_MUX_component|         ; 2 (0)       ; 0            ; 0          ; 0    ; 0            ; 2 (0)        ; 0 (0)             ; 0 (0)            ; 0 (0)           ; 0 (0)      ; |top|tx:inst8|lpm_mux_4to1:inst43|lpm_mux:LPM_MUX_component                                                 ; lpm_mux        ; work         ;
;             |mux_h9c:auto_generated|         ; 2 (2)       ; 0            ; 0          ; 0    ; 0            ; 2 (2)        ; 0 (0)             ; 0 (0)            ; 0 (0)           ; 0 (0)      ; |top|tx:inst8|lpm_mux_4to1:inst43|lpm_mux:LPM_MUX_component|mux_h9c:auto_generated                          ; mux_h9c        ; work         ;
;       |lpm_mux_8:inst41|                     ; 4 (0)       ; 0            ; 0          ; 0    ; 0            ; 4 (0)        ; 0 (0)             ; 0 (0)            ; 0 (0)           ; 0 (0)      ; |top|tx:inst8|lpm_mux_8:inst41                                                                              ; lpm_mux_8      ; work         ;
;          |lpm_mux:LPM_MUX_component|         ; 4 (0)       ; 0            ; 0          ; 0    ; 0            ; 4 (0)        ; 0 (0)             ; 0 (0)            ; 0 (0)           ; 0 (0)      ; |top|tx:inst8|lpm_mux_8:inst41|lpm_mux:LPM_MUX_component                                                    ; lpm_mux        ; work         ;
;             |mux_m9c:auto_generated|         ; 4 (4)       ; 0            ; 0          ; 0    ; 0            ; 4 (4)        ; 0 (0)             ; 0 (0)            ; 0 (0)           ; 0 (0)      ; |top|tx:inst8|lpm_mux_8:inst41|lpm_mux:LPM_MUX_component|mux_m9c:auto_generated                             ; mux_m9c        ; work         ;
;       |tx_fsm:inst|                          ; 8 (8)       ; 4            ; 0          ; 0    ; 0            ; 4 (4)        ; 0 (0)             ; 4 (4)            ; 0 (0)           ; 0 (0)      ; |top|tx:inst8|tx_fsm:inst                                                                                   ; tx_fsm         ; work         ;
+----------------------------------------------+-------------+--------------+------------+------+--------------+--------------+-------------------+------------------+-----------------+------------+-------------------------------------------------------------------------------------------------------------+----------------+--------------+
Note: For table entries with two numbers listed, the numbers in parentheses indicate the number of resources of the given type used by the specific entity alone. The numbers listed outside of parentheses indicate the total resources of the given type used by the specific entity and all of its sub-entities in the hierarchy.


+--------------------------------------------------------------------------------------------------------------------------------------+
; Analysis & Synthesis IP Cores Summary                                                                                                ;
+--------+--------------+---------+--------------+--------------+---------------------------------------------------+------------------+
; Vendor ; IP Core Name ; Version ; Release Date ; License Type ; Entity Instance                                   ; IP Include File  ;
+--------+--------------+---------+--------------+--------------+---------------------------------------------------+------------------+
; Altera ; LPM_COUNTER  ; 18.1    ; N/A          ; N/A          ; |top|baud_gen_:inst|lpm_counter_13:lpm_counter_13 ; lpm_counter_13.v ;
; Altera ; LPM_COUNTER  ; 18.1    ; N/A          ; N/A          ; |top|rx:inst1|lpm_counter_3:inst26                ; lpm_counter_3.v  ;
; Altera ; LPM_DECODE   ; 18.1    ; N/A          ; N/A          ; |top|rx:inst1|lpm_decode_3:inst28                 ; lpm_decode_3.v   ;
; Altera ; LPM_COUNTER  ; 18.1    ; N/A          ; N/A          ; |top|tx:inst8|lpm_counter_3:inst1                 ; lpm_counter_3.v  ;
; Altera ; LPM_MUX      ; 18.1    ; N/A          ; N/A          ; |top|tx:inst8|lpm_mux_8:inst41                    ; lpm_mux_8.v      ;
; Altera ; LPM_MUX      ; 18.1    ; N/A          ; N/A          ; |top|tx:inst8|lpm_mux_4to1:inst43                 ; lpm_mux_4to1.v   ;
+--------+--------------+---------+--------------+--------------+---------------------------------------------------+------------------+


Encoding Type:  One-Hot
+-----------------------------------------------------------------------+
; State Machine - |top|rx:inst1|rx_fsm:inst|fstate                      ;
+--------------+-------------+-------------+--------------+-------------+
; Name         ; fstate.STOP ; fstate.DATA ; fstate.START ; fstate.IDLE ;
+--------------+-------------+-------------+--------------+-------------+
; fstate.IDLE  ; 0           ; 0           ; 0            ; 0           ;
; fstate.START ; 0           ; 0           ; 1            ; 1           ;
; fstate.DATA  ; 0           ; 1           ; 0            ; 1           ;
; fstate.STOP  ; 1           ; 0           ; 0            ; 1           ;
+--------------+-------------+-------------+--------------+-------------+


Encoding Type:  One-Hot
+-----------------------------------------------------------------------+
; State Machine - |top|tx:inst8|tx_fsm:inst|fstate                      ;
+--------------+-------------+--------------+-------------+-------------+
; Name         ; fstate.STOP ; fstate.START ; fstate.DATA ; fstate.IDLE ;
+--------------+-------------+--------------+-------------+-------------+
; fstate.IDLE  ; 0           ; 0            ; 0           ; 0           ;
; fstate.DATA  ; 0           ; 0            ; 1           ; 1           ;
; fstate.START ; 0           ; 1            ; 0           ; 1           ;
; fstate.STOP  ; 1           ; 0            ; 0           ; 1           ;
+--------------+-------------+--------------+-------------+-------------+


+------------------------------------------------------------+
; Registers Removed During Synthesis                         ;
+---------------------------------------+--------------------+
; Register name                         ; Reason for Removal ;
+---------------------------------------+--------------------+
; rx:inst1|rx_fsm:inst|fstate~2         ; Lost fanout        ;
; rx:inst1|rx_fsm:inst|fstate~3         ; Lost fanout        ;
; rx:inst1|rx_fsm:inst|fstate~4         ; Lost fanout        ;
; rx:inst1|rx_fsm:inst|fstate~5         ; Lost fanout        ;
; tx:inst8|tx_fsm:inst|fstate~2         ; Lost fanout        ;
; tx:inst8|tx_fsm:inst|fstate~3         ; Lost fanout        ;
; tx:inst8|tx_fsm:inst|fstate~4         ; Lost fanout        ;
; tx:inst8|tx_fsm:inst|fstate~5         ; Lost fanout        ;
; Total Number of Removed Registers = 8 ;                    ;
+---------------------------------------+--------------------+


+------------------------------------------------------+
; General Register Statistics                          ;
+----------------------------------------------+-------+
; Statistic                                    ; Value ;
+----------------------------------------------+-------+
; Total registers                              ; 44    ;
; Number of registers using Synchronous Clear  ; 25    ;
; Number of registers using Synchronous Load   ; 0     ;
; Number of registers using Asynchronous Clear ; 20    ;
; Number of registers using Asynchronous Load  ; 0     ;
; Number of registers using Clock Enable       ; 1     ;
; Number of registers using Preset             ; 0     ;
+----------------------------------------------+-------+


+-----------------------------------------------------------------------------------------------------+
; Parameter Settings for User Entity Instance: tx:inst8|lpm_mux_4to1:inst43|lpm_mux:LPM_MUX_component ;
+------------------------+---------+------------------------------------------------------------------+
; Parameter Name         ; Value   ; Type                                                             ;
+------------------------+---------+------------------------------------------------------------------+
; AUTO_CARRY_CHAINS      ; ON      ; AUTO_CARRY                                                       ;
; IGNORE_CARRY_BUFFERS   ; OFF     ; IGNORE_CARRY                                                     ;
; AUTO_CASCADE_CHAINS    ; ON      ; AUTO_CASCADE                                                     ;
; IGNORE_CASCADE_BUFFERS ; OFF     ; IGNORE_CASCADE                                                   ;
; LPM_WIDTH              ; 1       ; Signed Integer                                                   ;
; LPM_SIZE               ; 4       ; Signed Integer                                                   ;
; LPM_WIDTHS             ; 2       ; Signed Integer                                                   ;
; LPM_PIPELINE           ; 0       ; Untyped                                                          ;
; CBXI_PARAMETER         ; mux_h9c ; Untyped                                                          ;
; DEVICE_FAMILY          ; MAX II  ; Untyped                                                          ;
+------------------------+---------+------------------------------------------------------------------+
Note: In order to hide this table in the UI and the text report file, please set the "Show Parameter Settings in Synthesis Report" option in "Analysis and Synthesis Settings -> More Settings" to "Off".


+--------------------------------------------------------------------------------------------------+
; Parameter Settings for User Entity Instance: tx:inst8|lpm_mux_8:inst41|lpm_mux:LPM_MUX_component ;
+------------------------+---------+---------------------------------------------------------------+
; Parameter Name         ; Value   ; Type                                                          ;
+------------------------+---------+---------------------------------------------------------------+
; AUTO_CARRY_CHAINS      ; ON      ; AUTO_CARRY                                                    ;
; IGNORE_CARRY_BUFFERS   ; OFF     ; IGNORE_CARRY                                                  ;
; AUTO_CASCADE_CHAINS    ; ON      ; AUTO_CASCADE                                                  ;
; IGNORE_CASCADE_BUFFERS ; OFF     ; IGNORE_CASCADE                                                ;
; LPM_WIDTH              ; 1       ; Signed Integer                                                ;
; LPM_SIZE               ; 8       ; Signed Integer                                                ;
; LPM_WIDTHS             ; 3       ; Signed Integer                                                ;
; LPM_PIPELINE           ; 0       ; Untyped                                                       ;
; CBXI_PARAMETER         ; mux_m9c ; Untyped                                                       ;
; DEVICE_FAMILY          ; MAX II  ; Untyped                                                       ;
+------------------------+---------+---------------------------------------------------------------+
Note: In order to hide this table in the UI and the text report file, please set the "Show Parameter Settings in Synthesis Report" option in "Analysis and Synthesis Settings -> More Settings" to "Off".


+-------------------------------------------------------------------+
; Parameter Settings for User Entity Instance: tx:inst8|tx_fsm:inst ;
+----------------+-------+------------------------------------------+
; Parameter Name ; Value ; Type                                     ;
+----------------+-------+------------------------------------------+
; START          ; 0     ; Signed Integer                           ;
; DATA           ; 1     ; Signed Integer                           ;
; IDLE           ; 2     ; Signed Integer                           ;
; STOP           ; 3     ; Signed Integer                           ;
+----------------+-------+------------------------------------------+
Note: In order to hide this table in the UI and the text report file, please set the "Show Parameter Settings in Synthesis Report" option in "Analysis and Synthesis Settings -> More Settings" to "Off".


+-------------------------------------------------------------------------------------------------------------+
; Parameter Settings for User Entity Instance: tx:inst8|lpm_counter_3:inst1|lpm_counter:LPM_COUNTER_component ;
+------------------------+-------------+----------------------------------------------------------------------+
; Parameter Name         ; Value       ; Type                                                                 ;
+------------------------+-------------+----------------------------------------------------------------------+
; AUTO_CARRY_CHAINS      ; ON          ; AUTO_CARRY                                                           ;
; IGNORE_CARRY_BUFFERS   ; OFF         ; IGNORE_CARRY                                                         ;
; AUTO_CASCADE_CHAINS    ; ON          ; AUTO_CASCADE                                                         ;
; IGNORE_CASCADE_BUFFERS ; OFF         ; IGNORE_CASCADE                                                       ;
; LPM_WIDTH              ; 3           ; Signed Integer                                                       ;
; LPM_DIRECTION          ; UP          ; Untyped                                                              ;
; LPM_MODULUS            ; 0           ; Untyped                                                              ;
; LPM_AVALUE             ; UNUSED      ; Untyped                                                              ;
; LPM_SVALUE             ; UNUSED      ; Untyped                                                              ;
; LPM_PORT_UPDOWN        ; PORT_UNUSED ; Untyped                                                              ;
; DEVICE_FAMILY          ; MAX II      ; Untyped                                                              ;
; CARRY_CHAIN            ; MANUAL      ; Untyped                                                              ;
; CARRY_CHAIN_LENGTH     ; 48          ; CARRY_CHAIN_LENGTH                                                   ;
; NOT_GATE_PUSH_BACK     ; ON          ; NOT_GATE_PUSH_BACK                                                   ;
; CARRY_CNT_EN           ; SMART       ; Untyped                                                              ;
; LABWIDE_SCLR           ; ON          ; Untyped                                                              ;
; USE_NEW_VERSION        ; TRUE        ; Untyped                                                              ;
; CBXI_PARAMETER         ; cntr_toi    ; Untyped                                                              ;
+------------------------+-------------+----------------------------------------------------------------------+
Note: In order to hide this table in the UI and the text report file, please set the "Show Parameter Settings in Synthesis Report" option in "Analysis and Synthesis Settings -> More Settings" to "Off".


+-----------------------------------------------------------------------------------------------------------------------------+
; Parameter Settings for User Entity Instance: baud_gen_:inst|lpm_counter_13:lpm_counter_13|lpm_counter:LPM_COUNTER_component ;
+------------------------+-------------+--------------------------------------------------------------------------------------+
; Parameter Name         ; Value       ; Type                                                                                 ;
+------------------------+-------------+--------------------------------------------------------------------------------------+
; AUTO_CARRY_CHAINS      ; ON          ; AUTO_CARRY                                                                           ;
; IGNORE_CARRY_BUFFERS   ; OFF         ; IGNORE_CARRY                                                                         ;
; AUTO_CASCADE_CHAINS    ; ON          ; AUTO_CASCADE                                                                         ;
; IGNORE_CASCADE_BUFFERS ; OFF         ; IGNORE_CASCADE                                                                       ;
; LPM_WIDTH              ; 13          ; Signed Integer                                                                       ;
; LPM_DIRECTION          ; UP          ; Untyped                                                                              ;
; LPM_MODULUS            ; 0           ; Untyped                                                                              ;
; LPM_AVALUE             ; UNUSED      ; Untyped                                                                              ;
; LPM_SVALUE             ; UNUSED      ; Untyped                                                                              ;
; LPM_PORT_UPDOWN        ; PORT_UNUSED ; Untyped                                                                              ;
; DEVICE_FAMILY          ; MAX II      ; Untyped                                                                              ;
; CARRY_CHAIN            ; MANUAL      ; Untyped                                                                              ;
; CARRY_CHAIN_LENGTH     ; 48          ; CARRY_CHAIN_LENGTH                                                                   ;
; NOT_GATE_PUSH_BACK     ; ON          ; NOT_GATE_PUSH_BACK                                                                   ;
; CARRY_CNT_EN           ; SMART       ; Untyped                                                                              ;
; LABWIDE_SCLR           ; ON          ; Untyped                                                                              ;
; USE_NEW_VERSION        ; TRUE        ; Untyped                                                                              ;
; CBXI_PARAMETER         ; cntr_n5i    ; Untyped                                                                              ;
+------------------------+-------------+--------------------------------------------------------------------------------------+
Note: In order to hide this table in the UI and the text report file, please set the "Show Parameter Settings in Synthesis Report" option in "Analysis and Synthesis Settings -> More Settings" to "Off".


+-----------------------------------------------------------------------------------------------------------+
; Parameter Settings for User Entity Instance: rx:inst1|lpm_decode_3:inst28|lpm_decode:LPM_DECODE_component ;
+------------------------+------------+---------------------------------------------------------------------+
; Parameter Name         ; Value      ; Type                                                                ;
+------------------------+------------+---------------------------------------------------------------------+
; LPM_WIDTH              ; 3          ; Signed Integer                                                      ;
; LPM_DECODES            ; 8          ; Signed Integer                                                      ;
; LPM_PIPELINE           ; 0          ; Untyped                                                             ;
; CASCADE_CHAIN          ; MANUAL     ; Untyped                                                             ;
; DEVICE_FAMILY          ; MAX II     ; Untyped                                                             ;
; CBXI_PARAMETER         ; decode_lpe ; Untyped                                                             ;
; AUTO_CARRY_CHAINS      ; ON         ; AUTO_CARRY                                                          ;
; IGNORE_CARRY_BUFFERS   ; OFF        ; IGNORE_CARRY                                                        ;
; AUTO_CASCADE_CHAINS    ; ON         ; AUTO_CASCADE                                                        ;
; IGNORE_CASCADE_BUFFERS ; OFF        ; IGNORE_CASCADE                                                      ;
+------------------------+------------+---------------------------------------------------------------------+
Note: In order to hide this table in the UI and the text report file, please set the "Show Parameter Settings in Synthesis Report" option in "Analysis and Synthesis Settings -> More Settings" to "Off".


+--------------------------------------------------------------------------------------------------------------+
; Parameter Settings for User Entity Instance: rx:inst1|lpm_counter_3:inst26|lpm_counter:LPM_COUNTER_component ;
+------------------------+-------------+-----------------------------------------------------------------------+
; Parameter Name         ; Value       ; Type                                                                  ;
+------------------------+-------------+-----------------------------------------------------------------------+
; AUTO_CARRY_CHAINS      ; ON          ; AUTO_CARRY                                                            ;
; IGNORE_CARRY_BUFFERS   ; OFF         ; IGNORE_CARRY                                                          ;
; AUTO_CASCADE_CHAINS    ; ON          ; AUTO_CASCADE                                                          ;
; IGNORE_CASCADE_BUFFERS ; OFF         ; IGNORE_CASCADE                                                        ;
; LPM_WIDTH              ; 3           ; Signed Integer                                                        ;
; LPM_DIRECTION          ; UP          ; Untyped                                                               ;
; LPM_MODULUS            ; 0           ; Untyped                                                               ;
; LPM_AVALUE             ; UNUSED      ; Untyped                                                               ;
; LPM_SVALUE             ; UNUSED      ; Untyped                                                               ;
; LPM_PORT_UPDOWN        ; PORT_UNUSED ; Untyped                                                               ;
; DEVICE_FAMILY          ; MAX II      ; Untyped                                                               ;
; CARRY_CHAIN            ; MANUAL      ; Untyped                                                               ;
; CARRY_CHAIN_LENGTH     ; 48          ; CARRY_CHAIN_LENGTH                                                    ;
; NOT_GATE_PUSH_BACK     ; ON          ; NOT_GATE_PUSH_BACK                                                    ;
; CARRY_CNT_EN           ; SMART       ; Untyped                                                               ;
; LABWIDE_SCLR           ; ON          ; Untyped                                                               ;
; USE_NEW_VERSION        ; TRUE        ; Untyped                                                               ;
; CBXI_PARAMETER         ; cntr_toi    ; Untyped                                                               ;
+------------------------+-------------+-----------------------------------------------------------------------+
Note: In order to hide this table in the UI and the text report file, please set the "Show Parameter Settings in Synthesis Report" option in "Analysis and Synthesis Settings -> More Settings" to "Off".


+-------------------------------------------------------------------+
; Parameter Settings for User Entity Instance: rx:inst1|rx_fsm:inst ;
+----------------+-------+------------------------------------------+
; Parameter Name ; Value ; Type                                     ;
+----------------+-------+------------------------------------------+
; IDLE           ; 0     ; Signed Integer                           ;
; START          ; 1     ; Signed Integer                           ;
; DATA           ; 2     ; Signed Integer                           ;
; STOP           ; 3     ; Signed Integer                           ;
+----------------+-------+------------------------------------------+
Note: In order to hide this table in the UI and the text report file, please set the "Show Parameter Settings in Synthesis Report" option in "Analysis and Synthesis Settings -> More Settings" to "Off".


+-------------------------------+
; Analysis & Synthesis Messages ;
+-------------------------------+
Info: *******************************************************************
Info: Running Quartus Prime Analysis & Synthesis
    Info: Version 18.1.0 Build 625 09/12/2018 SJ Lite Edition
    Info: Processing started: Sun May 31 22:29:56 2026
Info: Command: quartus_map --read_settings_files=on --write_settings_files=off uart -c uart
Warning (18236): Number of processors has not been specified which may cause overloading on shared machines.  Set the global assignment NUM_PARALLEL_PROCESSORS in your QSF to an appropriate value for best performance.
Info (20030): Parallel compilation is enabled and will use 6 of the 6 processors detected
Info (12021): Found 1 design units, including 1 entities, in source file tx_fsm.v
    Info (12023): Found entity 1: tx_fsm File: D:/Projects/dc-UART/tx_fsm.v Line: 22
Info (12021): Found 1 design units, including 1 entities, in source file lpm_counter_13.v
    Info (12023): Found entity 1: lpm_counter_13 File: D:/Projects/dc-UART/lpm_counter_13.v Line: 39
Warning (12019): Can't analyze file -- file uart_tx.v is missing
Warning (12019): Can't analyze file -- file uart_rx.v is missing
Info (12021): Found 1 design units, including 1 entities, in source file baud_gen.v
    Info (12023): Found entity 1: baud_gen File: D:/Projects/dc-UART/baud_gen.v Line: 1
Info (12021): Found 1 design units, including 1 entities, in source file uart.bdf
    Info (12023): Found entity 1: uart
Info (12021): Found 1 design units, including 1 entities, in source file lpm_counter_3.v
    Info (12023): Found entity 1: lpm_counter_3 File: D:/Projects/dc-UART/lpm_counter_3.v Line: 39
Info (12021): Found 1 design units, including 1 entities, in source file lpm_decode_3.v
    Info (12023): Found entity 1: lpm_decode_3 File: D:/Projects/dc-UART/lpm_decode_3.v Line: 39
Info (12021): Found 1 design units, including 1 entities, in source file rx_fsm.v
    Info (12023): Found entity 1: rx_fsm File: D:/Projects/dc-UART/rx_fsm.v Line: 22
Info (12021): Found 1 design units, including 1 entities, in source file lpm_mux_8.v
    Info (12023): Found entity 1: lpm_mux_8 File: D:/Projects/dc-UART/lpm_mux_8.v Line: 39
Info (12021): Found 1 design units, including 1 entities, in source file lpm_mux_4to1.v
    Info (12023): Found entity 1: lpm_mux_4to1 File: D:/Projects/dc-UART/lpm_mux_4to1.v Line: 39
Info (12021): Found 1 design units, including 1 entities, in source file rx.bdf
    Info (12023): Found entity 1: rx
Warning (12019): Can't analyze file -- file baud_gen.bdf is missing
Info (12021): Found 1 design units, including 1 entities, in source file tx.bdf
    Info (12023): Found entity 1: tx
Info (12021): Found 1 design units, including 1 entities, in source file baud_gen_.bdf
    Info (12023): Found entity 1: baud_gen_
Info (12021): Found 1 design units, including 1 entities, in source file top.bdf
    Info (12023): Found entity 1: top
Info (12127): Elaborating entity "top" for the top level hierarchy
Info (12128): Elaborating entity "tx" for hierarchy "tx:inst8"
Info (12128): Elaborating entity "lpm_mux_4to1" for hierarchy "tx:inst8|lpm_mux_4to1:inst43"
Info (12128): Elaborating entity "lpm_mux" for hierarchy "tx:inst8|lpm_mux_4to1:inst43|lpm_mux:LPM_MUX_component" File: D:/Projects/dc-UART/lpm_mux_4to1.v Line: 73
Info (12130): Elaborated megafunction instantiation "tx:inst8|lpm_mux_4to1:inst43|lpm_mux:LPM_MUX_component" File: D:/Projects/dc-UART/lpm_mux_4to1.v Line: 73
Info (12133): Instantiated megafunction "tx:inst8|lpm_mux_4to1:inst43|lpm_mux:LPM_MUX_component" with the following parameter: File: D:/Projects/dc-UART/lpm_mux_4to1.v Line: 73
    Info (12134): Parameter "lpm_size" = "4"
    Info (12134): Parameter "lpm_type" = "LPM_MUX"
    Info (12134): Parameter "lpm_width" = "1"
    Info (12134): Parameter "lpm_widths" = "2"
Info (12021): Found 1 design units, including 1 entities, in source file db/mux_h9c.tdf
    Info (12023): Found entity 1: mux_h9c File: D:/Projects/dc-UART/db/mux_h9c.tdf Line: 22
Info (12128): Elaborating entity "mux_h9c" for hierarchy "tx:inst8|lpm_mux_4to1:inst43|lpm_mux:LPM_MUX_component|mux_h9c:auto_generated" File: d:/download_files/quartus/libraries/megafunctions/lpm_mux.tdf Line: 86
Info (12128): Elaborating entity "lpm_mux_8" for hierarchy "tx:inst8|lpm_mux_8:inst41"
Info (12128): Elaborating entity "lpm_mux" for hierarchy "tx:inst8|lpm_mux_8:inst41|lpm_mux:LPM_MUX_component" File: D:/Projects/dc-UART/lpm_mux_8.v Line: 85
Info (12130): Elaborated megafunction instantiation "tx:inst8|lpm_mux_8:inst41|lpm_mux:LPM_MUX_component" File: D:/Projects/dc-UART/lpm_mux_8.v Line: 85
Info (12133): Instantiated megafunction "tx:inst8|lpm_mux_8:inst41|lpm_mux:LPM_MUX_component" with the following parameter: File: D:/Projects/dc-UART/lpm_mux_8.v Line: 85
    Info (12134): Parameter "lpm_size" = "8"
    Info (12134): Parameter "lpm_type" = "LPM_MUX"
    Info (12134): Parameter "lpm_width" = "1"
    Info (12134): Parameter "lpm_widths" = "3"
Info (12021): Found 1 design units, including 1 entities, in source file db/mux_m9c.tdf
    Info (12023): Found entity 1: mux_m9c File: D:/Projects/dc-UART/db/mux_m9c.tdf Line: 22
Info (12128): Elaborating entity "mux_m9c" for hierarchy "tx:inst8|lpm_mux_8:inst41|lpm_mux:LPM_MUX_component|mux_m9c:auto_generated" File: d:/download_files/quartus/libraries/megafunctions/lpm_mux.tdf Line: 86
Info (12128): Elaborating entity "tx_fsm" for hierarchy "tx:inst8|tx_fsm:inst"
Info (12128): Elaborating entity "lpm_counter_3" for hierarchy "tx:inst8|lpm_counter_3:inst1"
Info (12128): Elaborating entity "lpm_counter" for hierarchy "tx:inst8|lpm_counter_3:inst1|lpm_counter:LPM_COUNTER_component" File: D:/Projects/dc-UART/lpm_counter_3.v Line: 70
Info (12130): Elaborated megafunction instantiation "tx:inst8|lpm_counter_3:inst1|lpm_counter:LPM_COUNTER_component" File: D:/Projects/dc-UART/lpm_counter_3.v Line: 70
Info (12133): Instantiated megafunction "tx:inst8|lpm_counter_3:inst1|lpm_counter:LPM_COUNTER_component" with the following parameter: File: D:/Projects/dc-UART/lpm_counter_3.v Line: 70
    Info (12134): Parameter "lpm_direction" = "UP"
    Info (12134): Parameter "lpm_port_updown" = "PORT_UNUSED"
    Info (12134): Parameter "lpm_type" = "LPM_COUNTER"
    Info (12134): Parameter "lpm_width" = "3"
Info (12021): Found 1 design units, including 1 entities, in source file db/cntr_toi.tdf
    Info (12023): Found entity 1: cntr_toi File: D:/Projects/dc-UART/db/cntr_toi.tdf Line: 25
Info (12128): Elaborating entity "cntr_toi" for hierarchy "tx:inst8|lpm_counter_3:inst1|lpm_counter:LPM_COUNTER_component|cntr_toi:auto_generated" File: d:/download_files/quartus/libraries/megafunctions/lpm_counter.tdf Line: 258
Info (12128): Elaborating entity "baud_gen_" for hierarchy "baud_gen_:inst"
Info (12128): Elaborating entity "lpm_counter_13" for hierarchy "baud_gen_:inst|lpm_counter_13:lpm_counter_13"
Info (12128): Elaborating entity "lpm_counter" for hierarchy "baud_gen_:inst|lpm_counter_13:lpm_counter_13|lpm_counter:LPM_COUNTER_component" File: D:/Projects/dc-UART/lpm_counter_13.v Line: 68
Info (12130): Elaborated megafunction instantiation "baud_gen_:inst|lpm_counter_13:lpm_counter_13|lpm_counter:LPM_COUNTER_component" File: D:/Projects/dc-UART/lpm_counter_13.v Line: 68
Info (12133): Instantiated megafunction "baud_gen_:inst|lpm_counter_13:lpm_counter_13|lpm_counter:LPM_COUNTER_component" with the following parameter: File: D:/Projects/dc-UART/lpm_counter_13.v Line: 68
    Info (12134): Parameter "lpm_direction" = "UP"
    Info (12134): Parameter "lpm_port_updown" = "PORT_UNUSED"
    Info (12134): Parameter "lpm_type" = "LPM_COUNTER"
    Info (12134): Parameter "lpm_width" = "13"
Info (12021): Found 1 design units, including 1 entities, in source file db/cntr_n5i.tdf
    Info (12023): Found entity 1: cntr_n5i File: D:/Projects/dc-UART/db/cntr_n5i.tdf Line: 25
Info (12128): Elaborating entity "cntr_n5i" for hierarchy "baud_gen_:inst|lpm_counter_13:lpm_counter_13|lpm_counter:LPM_COUNTER_component|cntr_n5i:auto_generated" File: d:/download_files/quartus/libraries/megafunctions/lpm_counter.tdf Line: 258
Info (12128): Elaborating entity "rx" for hierarchy "rx:inst1"
Warning (275011): Block or symbol "rx_fsm" of instance "inst" overlaps another block or symbol
Warning (275008): Primitive "AND2" of instance "inst22" not used
Warning (275008): Primitive "DFFE" of instance "inst23" not used
Warning (275008): Primitive "DFFE" of instance "inst24" not used
Info (12128): Elaborating entity "lpm_decode_3" for hierarchy "rx:inst1|lpm_decode_3:inst28"
Info (12128): Elaborating entity "lpm_decode" for hierarchy "rx:inst1|lpm_decode_3:inst28|lpm_decode:LPM_DECODE_component" File: D:/Projects/dc-UART/lpm_decode_3.v Line: 88
Info (12130): Elaborated megafunction instantiation "rx:inst1|lpm_decode_3:inst28|lpm_decode:LPM_DECODE_component" File: D:/Projects/dc-UART/lpm_decode_3.v Line: 88
Info (12133): Instantiated megafunction "rx:inst1|lpm_decode_3:inst28|lpm_decode:LPM_DECODE_component" with the following parameter: File: D:/Projects/dc-UART/lpm_decode_3.v Line: 88
    Info (12134): Parameter "lpm_decodes" = "8"
    Info (12134): Parameter "lpm_type" = "LPM_DECODE"
    Info (12134): Parameter "lpm_width" = "3"
Info (12021): Found 1 design units, including 1 entities, in source file db/decode_lpe.tdf
    Info (12023): Found entity 1: decode_lpe File: D:/Projects/dc-UART/db/decode_lpe.tdf Line: 22
Info (12128): Elaborating entity "decode_lpe" for hierarchy "rx:inst1|lpm_decode_3:inst28|lpm_decode:LPM_DECODE_component|decode_lpe:auto_generated" File: d:/download_files/quartus/libraries/megafunctions/lpm_decode.tdf Line: 76
Info (12128): Elaborating entity "rx_fsm" for hierarchy "rx:inst1|rx_fsm:inst"
Info (17049): 8 registers lost all their fanouts during netlist optimizations.
Info (21057): Implemented 92 device resources after synthesis - the final resource count might be different
    Info (21058): Implemented 11 input pins
    Info (21059): Implemented 9 output pins
    Info (21061): Implemented 72 logic cells
Info: Quartus Prime Analysis & Synthesis was successful. 0 errors, 8 warnings
    Info: Peak virtual memory: 4723 megabytes
    Info: Processing ended: Sun May 31 22:30:07 2026
    Info: Elapsed time: 00:00:11
    Info: Total CPU time (on all processors): 00:00:22


