Timing Analyzer report for uart
Sun May 31 22:30:14 2026
Quartus Prime Version 18.1.0 Build 625 09/12/2018 SJ Lite Edition


---------------------
; Table of Contents ;
---------------------
  1. Legal Notice
  2. Timing Analyzer Summary
  3. Parallel Compilation
  4. Clocks
  5. Slow Model Fmax Summary
  6. Slow Model Setup Summary
  7. Slow Model Hold Summary
  8. Slow Model Recovery Summary
  9. Slow Model Removal Summary
 10. Slow Model Minimum Pulse Width Summary
 11. Fast Model Setup Summary
 12. Fast Model Hold Summary
 13. Fast Model Recovery Summary
 14. Fast Model Removal Summary
 15. Fast Model Minimum Pulse Width Summary
 16. Multicorner Timing Analysis Summary
 17. Setup Transfers
 18. Hold Transfers
 19. Recovery Transfers
 20. Removal Transfers
 21. Report TCCS
 22. Report RSKM
 23. Unconstrained Paths Summary
 24. Clock Status Summary
 25. Unconstrained Input Ports
 26. Unconstrained Output Ports
 27. Unconstrained Input Ports
 28. Unconstrained Output Ports
 29. Timing Analyzer Messages



----------------
; Legal Notice ;
----------------
Copyright (C) 2018  Intel Corporation. All rights reserved.
Your use of Intel Corporation's design tools, logic functions 
and other software and tools, and its AMPP partner logic 
functions, and any output files from any of the foregoing 
(including device programming or simulation files), and any 
associated documentation or information are expressly subject 
to the terms and conditions of the Intel Program License 
Subscription Agreement, the Intel Quartus Prime License Agreement,
the Intel FPGA IP License Agreement, or other applicable license
agreement, including, without limitation, that your use is for
the sole purpose of programming logic devices manufactured by
Intel and sold by Intel or its authorized distributors.  Please
refer to the applicable agreement for further details.



+-----------------------------------------------------------------------------+
; Timing Analyzer Summary                                                     ;
+-----------------------+-----------------------------------------------------+
; Quartus Prime Version ; Version 18.1.0 Build 625 09/12/2018 SJ Lite Edition ;
; Timing Analyzer       ; Legacy Timing Analyzer                              ;
; Revision Name         ; uart                                                ;
; Device Family         ; MAX II                                              ;
; Device Name           ; EPM240T100C3                                        ;
; Timing Models         ; Final                                               ;
; Delay Model           ; Combined                                            ;
; Rise/Fall Delays      ; Unavailable                                         ;
+-----------------------+-----------------------------------------------------+


+------------------------------------------+
; Parallel Compilation                     ;
+----------------------------+-------------+
; Processors                 ; Number      ;
+----------------------------+-------------+
; Number detected on machine ; 12          ;
; Maximum allowed            ; 6           ;
;                            ;             ;
; Average used               ; 1.00        ;
; Maximum used               ; 2           ;
;                            ;             ;
; Usage by Processor         ; % Time Used ;
;     Processor 1            ; 100.0%      ;
;     Processor 2            ;   0.0%      ;
+----------------------------+-------------+


+-----------------------------------------------------------------------------------------------------------------------------------------------------------------------------------+
; Clocks                                                                                                                                                                            ;
+------------+------+--------+------------+-------+-------+------------+-----------+-------------+-------+--------+-----------+------------+----------+--------+--------+-----------+
; Clock Name ; Type ; Period ; Frequency  ; Rise  ; Fall  ; Duty Cycle ; Divide by ; Multiply by ; Phase ; Offset ; Edge List ; Edge Shift ; Inverted ; Master ; Source ; Targets   ;
+------------+------+--------+------------+-------+-------+------------+-----------+-------------+-------+--------+-----------+------------+----------+--------+--------+-----------+
; clk        ; Base ; 1.000  ; 1000.0 MHz ; 0.000 ; 0.500 ;            ;           ;             ;       ;        ;           ;            ;          ;        ;        ; { clk }   ;
; reset      ; Base ; 1.000  ; 1000.0 MHz ; 0.000 ; 0.500 ;            ;           ;             ;       ;        ;           ;            ;          ;        ;        ; { reset } ;
+------------+------+--------+------------+-------+-------+------------+-----------+-------------+-------+--------+-----------+------------+----------+--------+--------+-----------+


+--------------------------------------------------+
; Slow Model Fmax Summary                          ;
+------------+-----------------+------------+------+
; Fmax       ; Restricted Fmax ; Clock Name ; Note ;
+------------+-----------------+------------+------+
; 210.44 MHz ; 210.44 MHz      ; clk        ;      ;
; 288.35 MHz ; 288.35 MHz      ; reset      ;      ;
+------------+-----------------+------------+------+
This panel reports FMAX for every clock in the design, regardless of the user-specified clock periods.  FMAX is only computed for paths where the source and destination registers or ports are driven by the same clock.  Paths of different clocks, including generated clocks, are ignored.  For paths between a clock and its inversion, FMAX is computed as if the rising and falling edges are scaled along with FMAX, such that the duty cycle (in terms of a percentage) is maintained. Altera recommends that you always use clock constraints and other slack reports for sign-off analysis.


+--------------------------------+
; Slow Model Setup Summary       ;
+-------+--------+---------------+
; Clock ; Slack  ; End Point TNS ;
+-------+--------+---------------+
; clk   ; -4.829 ; -83.422       ;
; reset ; -2.339 ; -14.228       ;
+-------+--------+---------------+


+--------------------------------+
; Slow Model Hold Summary        ;
+-------+--------+---------------+
; Clock ; Slack  ; End Point TNS ;
+-------+--------+---------------+
; reset ; -1.137 ; -1.635        ;
; clk   ; 0.807  ; 0.000         ;
+-------+--------+---------------+


+--------------------------------+
; Slow Model Recovery Summary    ;
+-------+--------+---------------+
; Clock ; Slack  ; End Point TNS ;
+-------+--------+---------------+
; clk   ; -0.351 ; -7.020        ;
+-------+--------+---------------+


+-------------------------------+
; Slow Model Removal Summary    ;
+-------+-------+---------------+
; Clock ; Slack ; End Point TNS ;
+-------+-------+---------------+
; clk   ; 0.505 ; 0.000         ;
+-------+-------+---------------+


+----------------------------------------+
; Slow Model Minimum Pulse Width Summary ;
+-------+--------+-----------------------+
; Clock ; Slack  ; End Point TNS         ;
+-------+--------+-----------------------+
; clk   ; -2.289 ; -2.289                ;
; reset ; -2.289 ; -2.289                ;
+-------+--------+-----------------------+


+--------------------------------+
; Fast Model Setup Summary       ;
+-------+--------+---------------+
; Clock ; Slack  ; End Point TNS ;
+-------+--------+---------------+
; clk   ; -2.402 ; -29.960       ;
; reset ; -0.897 ; -4.610        ;
+-------+--------+---------------+


+--------------------------------+
; Fast Model Hold Summary        ;
+-------+--------+---------------+
; Clock ; Slack  ; End Point TNS ;
+-------+--------+---------------+
; reset ; -0.968 ; -2.601        ;
; clk   ; 0.405  ; 0.000         ;
+-------+--------+---------------+


+-------------------------------+
; Fast Model Recovery Summary   ;
+-------+-------+---------------+
; Clock ; Slack ; End Point TNS ;
+-------+-------+---------------+
; clk   ; 0.168 ; 0.000         ;
+-------+-------+---------------+


+--------------------------------+
; Fast Model Removal Summary     ;
+-------+--------+---------------+
; Clock ; Slack  ; End Point TNS ;
+-------+--------+---------------+
; clk   ; -0.014 ; -0.280        ;
+-------+--------+---------------+


+----------------------------------------+
; Fast Model Minimum Pulse Width Summary ;
+-------+--------+-----------------------+
; Clock ; Slack  ; End Point TNS         ;
+-------+--------+-----------------------+
; clk   ; -2.289 ; -2.289                ;
; reset ; -2.289 ; -2.289                ;
+-------+--------+-----------------------+


+--------------------------------------------------------------------------------+
; Multicorner Timing Analysis Summary                                            ;
+------------------+---------+--------+----------+---------+---------------------+
; Clock            ; Setup   ; Hold   ; Recovery ; Removal ; Minimum Pulse Width ;
+------------------+---------+--------+----------+---------+---------------------+
; Worst-case Slack ; -4.829  ; -1.137 ; -0.351   ; -0.014  ; -2.289              ;
;  clk             ; -4.829  ; 0.405  ; -0.351   ; -0.014  ; -2.289              ;
;  reset           ; -2.339  ; -1.137 ; N/A      ; N/A     ; -2.289              ;
; Design-wide TNS  ; -97.65  ; -2.601 ; -7.02    ; -0.28   ; -4.578              ;
;  clk             ; -83.422 ; 0.000  ; -7.020   ; -0.280  ; -2.289              ;
;  reset           ; -14.228 ; -2.601 ; N/A      ; N/A     ; -2.289              ;
+------------------+---------+--------+----------+---------+---------------------+


+-------------------------------------------------------------------+
; Setup Transfers                                                   ;
+------------+----------+----------+----------+----------+----------+
; From Clock ; To Clock ; RR Paths ; FR Paths ; RF Paths ; FF Paths ;
+------------+----------+----------+----------+----------+----------+
; clk        ; clk      ; 424      ; 0        ; 0        ; 0        ;
; reset      ; clk      ; 39       ; 23       ; 0        ; 0        ;
; clk        ; reset    ; 72       ; 0        ; 0        ; 0        ;
; reset      ; reset    ; 72       ; 8        ; 0        ; 0        ;
+------------+----------+----------+----------+----------+----------+
Entries labeled "false path" only account for clock-to-clock false paths and not path-based false paths. As a result, actual path counts may be lower than reported.


+-------------------------------------------------------------------+
; Hold Transfers                                                    ;
+------------+----------+----------+----------+----------+----------+
; From Clock ; To Clock ; RR Paths ; FR Paths ; RF Paths ; FF Paths ;
+------------+----------+----------+----------+----------+----------+
; clk        ; clk      ; 424      ; 0        ; 0        ; 0        ;
; reset      ; clk      ; 39       ; 23       ; 0        ; 0        ;
; clk        ; reset    ; 72       ; 0        ; 0        ; 0        ;
; reset      ; reset    ; 72       ; 8        ; 0        ; 0        ;
+------------+----------+----------+----------+----------+----------+
Entries labeled "false path" only account for clock-to-clock false paths and not path-based false paths. As a result, actual path counts may be lower than reported.


+-------------------------------------------------------------------+
; Recovery Transfers                                                ;
+------------+----------+----------+----------+----------+----------+
; From Clock ; To Clock ; RR Paths ; FR Paths ; RF Paths ; FF Paths ;
+------------+----------+----------+----------+----------+----------+
; reset      ; clk      ; 20       ; 20       ; 0        ; 0        ;
+------------+----------+----------+----------+----------+----------+
Entries labeled "false path" only account for clock-to-clock false paths and not path-based false paths. As a result, actual path counts may be lower than reported.


+-------------------------------------------------------------------+
; Removal Transfers                                                 ;
+------------+----------+----------+----------+----------+----------+
; From Clock ; To Clock ; RR Paths ; FR Paths ; RF Paths ; FF Paths ;
+------------+----------+----------+----------+----------+----------+
; reset      ; clk      ; 20       ; 20       ; 0        ; 0        ;
+------------+----------+----------+----------+----------+----------+
Entries labeled "false path" only account for clock-to-clock false paths and not path-based false paths. As a result, actual path counts may be lower than reported.


---------------
; Report TCCS ;
---------------
No dedicated SERDES Transmitter circuitry present in device or used in design


---------------
; Report RSKM ;
---------------
No non-DPA dedicated SERDES Receiver circuitry present in device or used in design


+------------------------------------------------+
; Unconstrained Paths Summary                    ;
+---------------------------------+-------+------+
; Property                        ; Setup ; Hold ;
+---------------------------------+-------+------+
; Illegal Clocks                  ; 0     ; 0    ;
; Unconstrained Clocks            ; 0     ; 0    ;
; Unconstrained Input Ports       ; 10    ; 10   ;
; Unconstrained Input Port Paths  ; 11    ; 11   ;
; Unconstrained Output Ports      ; 9     ; 9    ;
; Unconstrained Output Port Paths ; 22    ; 22   ;
+---------------------------------+-------+------+


+-------------------------------------+
; Clock Status Summary                ;
+--------+-------+------+-------------+
; Target ; Clock ; Type ; Status      ;
+--------+-------+------+-------------+
; clk    ; clk   ; Base ; Constrained ;
; reset  ; reset ; Base ; Constrained ;
+--------+-------+------+-------------+


+---------------------------------------------------------------------------------------------------+
; Unconstrained Input Ports                                                                         ;
+------------+--------------------------------------------------------------------------------------+
; Input Port ; Comment                                                                              ;
+------------+--------------------------------------------------------------------------------------+
; data_in[0] ; No input delay, min/max delays, false-path exceptions, or max skew assignments found ;
; data_in[1] ; No input delay, min/max delays, false-path exceptions, or max skew assignments found ;
; data_in[2] ; No input delay, min/max delays, false-path exceptions, or max skew assignments found ;
; data_in[3] ; No input delay, min/max delays, false-path exceptions, or max skew assignments found ;
; data_in[4] ; No input delay, min/max delays, false-path exceptions, or max skew assignments found ;
; data_in[5] ; No input delay, min/max delays, false-path exceptions, or max skew assignments found ;
; data_in[6] ; No input delay, min/max delays, false-path exceptions, or max skew assignments found ;
; data_in[7] ; No input delay, min/max delays, false-path exceptions, or max skew assignments found ;
; data_ready ; No input delay, min/max delays, false-path exceptions, or max skew assignments found ;
; reset      ; No input delay, min/max delays, false-path exceptions, or max skew assignments found ;
+------------+--------------------------------------------------------------------------------------+


+-----------------------------------------------------------------------------------------------------+
; Unconstrained Output Ports                                                                          ;
+-------------+---------------------------------------------------------------------------------------+
; Output Port ; Comment                                                                               ;
+-------------+---------------------------------------------------------------------------------------+
; data_out[0] ; No output delay, min/max delays, false-path exceptions, or max skew assignments found ;
; data_out[1] ; No output delay, min/max delays, false-path exceptions, or max skew assignments found ;
; data_out[2] ; No output delay, min/max delays, false-path exceptions, or max skew assignments found ;
; data_out[3] ; No output delay, min/max delays, false-path exceptions, or max skew assignments found ;
; data_out[4] ; No output delay, min/max delays, false-path exceptions, or max skew assignments found ;
; data_out[5] ; No output delay, min/max delays, false-path exceptions, or max skew assignments found ;
; data_out[6] ; No output delay, min/max delays, false-path exceptions, or max skew assignments found ;
; data_out[7] ; No output delay, min/max delays, false-path exceptions, or max skew assignments found ;
; tx_serial   ; No output delay, min/max delays, false-path exceptions, or max skew assignments found ;
+-------------+---------------------------------------------------------------------------------------+


+---------------------------------------------------------------------------------------------------+
; Unconstrained Input Ports                                                                         ;
+------------+--------------------------------------------------------------------------------------+
; Input Port ; Comment                                                                              ;
+------------+--------------------------------------------------------------------------------------+
; data_in[0] ; No input delay, min/max delays, false-path exceptions, or max skew assignments found ;
; data_in[1] ; No input delay, min/max delays, false-path exceptions, or max skew assignments found ;
; data_in[2] ; No input delay, min/max delays, false-path exceptions, or max skew assignments found ;
; data_in[3] ; No input delay, min/max delays, false-path exceptions, or max skew assignments found ;
; data_in[4] ; No input delay, min/max delays, false-path exceptions, or max skew assignments found ;
; data_in[5] ; No input delay, min/max delays, false-path exceptions, or max skew assignments found ;
; data_in[6] ; No input delay, min/max delays, false-path exceptions, or max skew assignments found ;
; data_in[7] ; No input delay, min/max delays, false-path exceptions, or max skew assignments found ;
; data_ready ; No input delay, min/max delays, false-path exceptions, or max skew assignments found ;
; reset      ; No input delay, min/max delays, false-path exceptions, or max skew assignments found ;
+------------+--------------------------------------------------------------------------------------+


+-----------------------------------------------------------------------------------------------------+
; Unconstrained Output Ports                                                                          ;
+-------------+---------------------------------------------------------------------------------------+
; Output Port ; Comment                                                                               ;
+-------------+---------------------------------------------------------------------------------------+
; data_out[0] ; No output delay, min/max delays, false-path exceptions, or max skew assignments found ;
; data_out[1] ; No output delay, min/max delays, false-path exceptions, or max skew assignments found ;
; data_out[2] ; No output delay, min/max delays, false-path exceptions, or max skew assignments found ;
; data_out[3] ; No output delay, min/max delays, false-path exceptions, or max skew assignments found ;
; data_out[4] ; No output delay, min/max delays, false-path exceptions, or max skew assignments found ;
; data_out[5] ; No output delay, min/max delays, false-path exceptions, or max skew assignments found ;
; data_out[6] ; No output delay, min/max delays, false-path exceptions, or max skew assignments found ;
; data_out[7] ; No output delay, min/max delays, false-path exceptions, or max skew assignments found ;
; tx_serial   ; No output delay, min/max delays, false-path exceptions, or max skew assignments found ;
+-------------+---------------------------------------------------------------------------------------+


+--------------------------+
; Timing Analyzer Messages ;
+--------------------------+
Info: *******************************************************************
Info: Running Quartus Prime Timing Analyzer
    Info: Version 18.1.0 Build 625 09/12/2018 SJ Lite Edition
    Info: Processing started: Sun May 31 22:30:13 2026
Info: Command: quartus_sta uart -c uart
Info: qsta_default_script.tcl version: #1
Warning (18236): Number of processors has not been specified which may cause overloading on shared machines.  Set the global assignment NUM_PARALLEL_PROCESSORS in your QSF to an appropriate value for best performance.
Info (20030): Parallel compilation is enabled and will use 6 of the 6 processors detected
Info (334003): Started post-fitting delay annotation
Info (334004): Delay annotation completed successfully
Critical Warning (332012): Synopsys Design Constraints File file not found: 'uart.sdc'. A Synopsys Design Constraints File is required by the Timing Analyzer to get proper timing constraints. Without it, the Compiler will not properly optimize the design.
Info (332142): No user constrained base clocks found in the design. Calling "derive_clocks -period 1.0"
Info (332105): Deriving Clocks
    Info (332105): create_clock -period 1.000 -name reset reset
    Info (332105): create_clock -period 1.000 -name clk clk
Info: Found TIMING_ANALYZER_REPORT_SCRIPT_INCLUDE_DEFAULT_ANALYSIS = ON
Info: Analyzing Slow Model
Info: Can't run Report Timing Closure Recommendations. The current device family is not supported.
Critical Warning (332148): Timing requirements not met
Info (332146): Worst-case setup slack is -4.829
    Info (332119):     Slack       End Point TNS Clock 
    Info (332119): ========= =================== =====================
    Info (332119):    -4.829             -83.422 clk 
    Info (332119):    -2.339             -14.228 reset 
Info (332146): Worst-case hold slack is -1.137
    Info (332119):     Slack       End Point TNS Clock 
    Info (332119): ========= =================== =====================
    Info (332119):    -1.137              -1.635 reset 
    Info (332119):     0.807               0.000 clk 
Info (332146): Worst-case recovery slack is -0.351
    Info (332119):     Slack       End Point TNS Clock 
    Info (332119): ========= =================== =====================
    Info (332119):    -0.351              -7.020 clk 
Info (332146): Worst-case removal slack is 0.505
    Info (332119):     Slack       End Point TNS Clock 
    Info (332119): ========= =================== =====================
    Info (332119):     0.505               0.000 clk 
Info (332146): Worst-case minimum pulse width slack is -2.289
    Info (332119):     Slack       End Point TNS Clock 
    Info (332119): ========= =================== =====================
    Info (332119):    -2.289              -2.289 clk 
    Info (332119):    -2.289              -2.289 reset 
Info (332001): The selected device family is not supported by the report_metastability command.
Info: Analyzing Fast Model
Info (334003): Started post-fitting delay annotation
Info (334004): Delay annotation completed successfully
Critical Warning (332148): Timing requirements not met
Info (332146): Worst-case setup slack is -2.402
    Info (332119):     Slack       End Point TNS Clock 
    Info (332119): ========= =================== =====================
    Info (332119):    -2.402             -29.960 clk 
    Info (332119):    -0.897              -4.610 reset 
Info (332146): Worst-case hold slack is -0.968
    Info (332119):     Slack       End Point TNS Clock 
    Info (332119): ========= =================== =====================
    Info (332119):    -0.968              -2.601 reset 
    Info (332119):     0.405               0.000 clk 
Info (332146): Worst-case recovery slack is 0.168
    Info (332119):     Slack       End Point TNS Clock 
    Info (332119): ========= =================== =====================
    Info (332119):     0.168               0.000 clk 
Info (332146): Worst-case removal slack is -0.014
    Info (332119):     Slack       End Point TNS Clock 
    Info (332119): ========= =================== =====================
    Info (332119):    -0.014              -0.280 clk 
Info (332146): Worst-case minimum pulse width slack is -2.289
    Info (332119):     Slack       End Point TNS Clock 
    Info (332119): ========= =================== =====================
    Info (332119):    -2.289              -2.289 clk 
    Info (332119):    -2.289              -2.289 reset 
Info (332001): The selected device family is not supported by the report_metastability command.
Info (332102): Design is not fully constrained for setup requirements
Info (332102): Design is not fully constrained for hold requirements
Info: Quartus Prime Timing Analyzer was successful. 0 errors, 4 warnings
    Info: Peak virtual memory: 4682 megabytes
    Info: Processing ended: Sun May 31 22:30:14 2026
    Info: Elapsed time: 00:00:01
    Info: Total CPU time (on all processors): 00:00:01


